<?xml version="1.0" encoding="UTF-8"?>
<testng-results ignored="0" total="2" passed="2" failed="0" skipped="0">
  <reporter-output>
  </reporter-output>
  <suite started-at="2024-03-26T03:44:19 EET" name="Default suite" finished-at="2024-03-26T03:44:26 EET" duration-ms="6591">
    <groups>
    </groups>
    <test started-at="2024-03-26T03:44:19 EET" name="Default test" finished-at="2024-03-26T03:44:26 EET" duration-ms="6591">
      <class name="SwaglabTestCase.loginProcces">
        <test-method is-config="true" signature="setup()[pri:0, instance:SwaglabTestCase.loginProcces@5911e990]" started-at="2024-03-26T03:44:19 EET" name="setup" finished-at="2024-03-26T03:44:24 EET" duration-ms="4980" status="PASS">
          <reporter-output>
          </reporter-output>
        </test-method> <!-- setup -->
        <test-method signature="LoginProccess()[pri:1, instance:SwaglabTestCase.loginProcces@5911e990]" started-at="2024-03-26T03:44:24 EET" name="LoginProccess" finished-at="2024-03-26T03:44:26 EET" duration-ms="1476" status="PASS">
          <reporter-output>
          </reporter-output>
        </test-method> <!-- LoginProccess -->
        <test-method signature="addProductToCart()[pri:2, instance:SwaglabTestCase.loginProcces@5911e990]" started-at="2024-03-26T03:44:26 EET" name="addProductToCart" finished-at="2024-03-26T03:44:26 EET" duration-ms="3" status="PASS">
          <reporter-output>
          </reporter-output>
        </test-method> <!-- addProductToCart -->
      </class> <!-- SwaglabTestCase.loginProcces -->
    </test> <!-- Default test -->
  </suite> <!-- Default suite -->
</testng-results>
